
**** 07/04/122 16:48:23 ****** NT PSpice 8.0 (July 1997) ****** ID# 98242 ****

 * C:\Users\sergi\OneDrive\Escritorio\proyecto\Schematic1.sch


 ****     CIRCUIT DESCRIPTION


******************************************************************************




* Schematics Version 8.0 - July 1997
* Mon Jul 04 16:48:19 2022



** Analysis setup **
.tran 20ns 100u 1u SKIPBP
.OP 
.STMLIB "C:\Users\sergi\OneDrive\Escritorio\Schematic1.stl"


* From [SCHEMATICS NETLIST] section of msim.ini:
-----------------------------------------------------------$
ERROR -- Unable to open file.
.lib "u:\Userlib\DTE_DIGITAL.lib"
.lib "u:\UserLib\DTE_1.lib"
.lib "nom.lib"

.INC "Schematic1.net"

**** INCLUDING Schematic1.net ****
* Schematics Netlist *



D_D2         $N_0001 $N_0002 D1N4148 
R_R3         $N_0002 $N_0003  30k  
R_R2         $N_0004 $N_0003  10k  
R_R1         $N_0003 $N_0005  10k  
D_D1         $N_0004 $N_0001 D1N4148 
C_C2         $N_0006 $N_0005  100n  
V_V4         $N_0005 0 5V
M_Q1         $N_0006 $N_0007 0 0 IRF520
C_C4         0 $N_0001  100p  
C_C3         0 $N_0008  1n  
X_U1         0 $N_0001 $N_0007 $N_0005 $N_0008 $N_0001 $N_0003 $N_0005 555d
+  PARAMS: MAXFREQ=3E6
C_C1         $N_0005 0  22U  
R_R4         0 $N_0007  1MEG  

**** RESUMING Schematic1.cir ****
.INC "Schematic1.als"



**** INCLUDING Schematic1.als ****
* Schematics Aliases *

.ALIASES
D_D2            D2(1=$N_0001 2=$N_0002 )
R_R3            R3(1=$N_0002 2=$N_0003 )
R_R2            R2(1=$N_0004 2=$N_0003 )
R_R1            R1(1=$N_0003 2=$N_0005 )
D_D1            D1(1=$N_0004 2=$N_0001 )
C_C2            C2(1=$N_0006 2=$N_0005 )
V_V4            V4(+=$N_0005 -=0 )
M_Q1            Q1(d=$N_0006 g=$N_0007 s=0 s=0 )
C_C4            C4(1=0 2=$N_0001 )
C_C3            C3(1=0 2=$N_0008 )
X_U1            U1(GND=0 TRIGGER=$N_0001 OUTPUT=$N_0007 RESET=$N_0005
+  CONTROL=$N_0008 THRESHOLD=$N_0001 DISCHARGE=$N_0003 VCC=$N_0005 )
C_C1            C1(1=$N_0005 2=0 )
R_R4            R4(1=0 2=$N_0007 )
.ENDALIASES


**** RESUMING Schematic1.cir ****
.probe


.END
